TN:
SF:lib/application/core/themes/app_themes.dart
FNF:0
FNH:0
DA:7,0
DA:11,0
LF:2
LH:0
end_of_record
TN:
SF:lib/infrastructure/repository/database_base.dart
FNF:0
FNH:0
DA:27,2
DA:32,2
DA:34,2
LF:3
LH:3
end_of_record
TN:
SF:lib/infrastructure/repository/database_mobile.dart
FNF:0
FNH:0
DA:20,1
DA:26,1
DA:27,2
DA:30,1
DA:32,3
DA:35,1
DA:36,2
DA:37,1
DA:38,4
DA:39,1
DA:43,1
DA:44,2
DA:47,1
DA:53,0
DA:54,0
DA:55,0
DA:56,0
DA:57,0
DA:64,0
DA:65,0
DA:67,0
DA:76,0
DA:78,0
DA:80,0
DA:81,0
DA:82,0
DA:83,0
LF:27
LH:13
end_of_record
TN:
SF:lib/infrastructure/repository/initialize_db.dart
FNF:0
FNH:0
DA:5,2
DA:10,1
DA:12,1
DA:14,1
DA:16,2
LF:5
LH:5
end_of_record
TN:
SF:lib/infrastructure/repository/migrations.dart
FNF:0
FNH:0
DA:3,3
DA:5,1
DA:6,1
LF:3
LH:3
end_of_record
TN:
SF:lib/presentation/core/xplore.dart
FNF:0
FNH:0
DA:7,0
DA:9,0
DA:11,0
DA:12,0
DA:13,0
DA:14,0
DA:16,0
DA:20,0
DA:21,0
LF:9
LH:0
end_of_record
